
> frontend@0.1.0 start
> react-scripts start

(node:98588) [DEP0176] DeprecationWarning: fs.F_OK is deprecated, use fs.constants.F_OK instead
(Use `node --trace-deprecation ...` to show where the warning was created)
(node:98588) [DEP_WEBPACK_DEV_SERVER_ON_AFTER_SETUP_MIDDLEWARE] DeprecationWarning: 'onAfterSetupMiddleware' option is deprecated. Please use the 'setupMiddlewares' option.
(node:98588) [DEP_WEBPACK_DEV_SERVER_ON_BEFORE_SETUP_MIDDLEWARE] DeprecationWarning: 'onBeforeSetupMiddleware' option is deprecated. Please use the 'setupMiddlewares' option.
Starting the development server...

Compiled successfully!

You can now view frontend in the browser.

  Local:            http://localhost:3001
  On Your Network:  http://172.17.132.133:3001

Note that the development build is not optimized.
To create a production build, use npm run build.

webpack compiled successfully
Compiling...
Compiled successfully!
webpack compiled successfully
Failed to compile.

Module not found: Error: Can't resolve '/Users/khoacao/Downloads/alexandria-main copy/frontend/node_modules/@pmmmwh/react-refresh-webpack-plugin/client/ReactRefreshEntry.js' in '/Users/khoacao/Downloads/alexandria-main copy/frontend'
ERROR in Module not found: Error: Can't resolve '/Users/khoacao/Downloads/alexandria-main copy/frontend/node_modules/@pmmmwh/react-refresh-webpack-plugin/client/ReactRefreshEntry.js' in '/Users/khoacao/Downloads/alexandria-main copy/frontend'

ERROR in Module not found: Error: Can't resolve '/Users/khoacao/Downloads/alexandria-main copy/frontend/node_modules/webpack-dev-server/client/index.js?protocol=ws%3A&hostname=0.0.0.0&port=3001&pathname=%2Fws&logging=none&overlay=%7B%22errors%22%3Atrue%2C%22warnings%22%3Afalse%7D&reconnect=10&hot=true&live-reload=true' in '/Users/khoacao/Downloads/alexandria-main copy/frontend'

ERROR in Module not found: Error: Can't resolve '/Users/khoacao/Downloads/alexandria-main copy/frontend/node_modules/webpack/hot/dev-server.js' in '/Users/khoacao/Downloads/alexandria-main copy/frontend'

ERROR in main
Module not found: Error: Can't resolve '/Users/khoacao/Downloads/alexandria-main copy/frontend/src/index.js' in '/Users/khoacao/Downloads/alexandria-main copy/frontend'

ERROR in Child compilation failed:
Module not found: Error: Can't resolve '/Users/khoacao/Downloads/alexandria-main copy/frontend/node_modules/html-webpack-plugin/lib/loader.js' in '/Users/khoacao/Downloads/alexandria-main copy/frontend'
ModuleNotFoundError: Module not found: Error: Can't resolve '/Users/khoacao/Downloads/alexandria-main copy/frontend/node_modules/html-webpack-plugin/lib/loader.js' in '/Users/khoacao/Downloads/alexandria-main copy/frontend'
    at /Users/khoacao/Downloads/alexandria-main copy/frontend/node_modules/webpack/lib/Compilation.js:2230:28
    at /Users/khoacao/Downloads/alexandria-main copy/frontend/node_modules/webpack/lib/NormalModuleFactory.js:933:13
    at eval (eval at create (/Users/khoacao/Downloads/alexandria-main copy/frontend/node_modules/tapable/lib/HookCodeFactory.js:33:10), <anonymous>:10:1)
    at /Users/khoacao/Downloads/alexandria-main copy/frontend/node_modules/webpack/lib/NormalModuleFactory.js:347:22
    at eval (eval at create (/Users/khoacao/Downloads/alexandria-main copy/frontend/node_modules/tapable/lib/HookCodeFactory.js:33:10), <anonymous>:9:1)
    at /Users/khoacao/Downloads/alexandria-main copy/frontend/node_modules/webpack/lib/NormalModuleFactory.js:530:22
    at /Users/khoacao/Downloads/alexandria-main copy/frontend/node_modules/webpack/lib/NormalModuleFactory.js:167:10
    at /Users/khoacao/Downloads/alexandria-main copy/frontend/node_modules/webpack/lib/NormalModuleFactory.js:756:23
    at /Users/khoacao/Downloads/alexandria-main copy/frontend/node_modules/neo-async/async.js:2830:7
    at done (/Users/khoacao/Downloads/alexandria-main copy/frontend/node_modules/neo-async/async.js:2925:13)
    at /Users/khoacao/Downloads/alexandria-main copy/frontend/node_modules/webpack/lib/NormalModuleFactory.js:1202:23
    at finishWithoutResolve (/Users/khoacao/Downloads/alexandria-main copy/frontend/node_modules/enhanced-resolve/lib/Resolver.js:567:11)
    at /Users/khoacao/Downloads/alexandria-main copy/frontend/node_modules/enhanced-resolve/lib/Resolver.js:656:15
    at /Users/khoacao/Downloads/alexandria-main copy/frontend/node_modules/enhanced-resolve/lib/Resolver.js:718:5
    at eval (eval at create (/Users/khoacao/Downloads/alexandria-main copy/frontend/node_modules/tapable/lib/HookCodeFactory.js:33:10), <anonymous>:16:1)
    at /Users/khoacao/Downloads/alexandria-main copy/frontend/node_modules/enhanced-resolve/lib/Resolver.js:718:5
    at eval (eval at create (/Users/khoacao/Downloads/alexandria-main copy/frontend/node_modules/tapable/lib/HookCodeFactory.js:33:10), <anonymous>:27:1)
    at /Users/khoacao/Downloads/alexandria-main copy/frontend/node_modules/enhanced-resolve/lib/DescriptionFilePlugin.js:89:43
    at /Users/khoacao/Downloads/alexandria-main copy/frontend/node_modules/enhanced-resolve/lib/Resolver.js:718:5
    at eval (eval at create (/Users/khoacao/Downloads/alexandria-main copy/frontend/node_modules/tapable/lib/HookCodeFactory.js:33:10), <anonymous>:15:1)
    at /Users/khoacao/Downloads/alexandria-main copy/frontend/node_modules/enhanced-resolve/lib/Resolver.js:718:5
    at eval (eval at create (/Users/khoacao/Downloads/alexandria-main copy/frontend/node_modules/tapable/lib/HookCodeFactory.js:33:10), <anonymous>:15:1)
    at /Users/khoacao/Downloads/alexandria-main copy/frontend/node_modules/enhanced-resolve/lib/Resolver.js:718:5
    at eval (eval at create (/Users/khoacao/Downloads/alexandria-main copy/frontend/node_modules/tapable/lib/HookCodeFactory.js:33:10), <anonymous>:16:1)
    at /Users/khoacao/Downloads/alexandria-main copy/frontend/node_modules/enhanced-resolve/lib/Resolver.js:718:5
    at eval (eval at create (/Users/khoacao/Downloads/alexandria-main copy/frontend/node_modules/tapable/lib/HookCodeFactory.js:33:10), <anonymous>:27:1)
    at /Users/khoacao/Downloads/alexandria-main copy/frontend/node_modules/enhanced-resolve/lib/DescriptionFilePlugin.js:89:43
    at /Users/khoacao/Downloads/alexandria-main copy/frontend/node_modules/enhanced-resolve/lib/Resolver.js:718:5
    at eval (eval at create (/Users/khoacao/Downloads/alexandria-main copy/frontend/node_modules/tapable/lib/HookCodeFactory.js:33:10), <anonymous>:16:1)
    at /Users/khoacao/Downloads/alexandria-main copy/frontend/node_modules/enhanced-resolve/lib/Resolver.js:718:5
    at eval (eval at create (/Users/khoacao/Downloads/alexandria-main copy/frontend/node_modules/tapable/lib/HookCodeFactory.js:33:10), <anonymous>:15:1)
    at /Users/khoacao/Downloads/alexandria-main copy/frontend/node_modules/enhanced-resolve/lib/DirectoryExistsPlugin.js:41:15
    at process.processTicksAndRejections (node:internal/process/task_queues:89:21)

1 ERROR in child compilations (Use 'stats.children: true' resp. '--stats-children' for more details)
webpack compiled with 6 errors
